<?xml version="1.0" encoding="UTF-8"?>
<robot generator="Robot 6.1.1 (Python 3.11.5 on win32)" generated="20231110 14:59:03.540" rpa="false" schemaversion="4">
<suite id="s1" name="Test-Robot" source="C:\CongPhi\test\test-robot">
<suite id="s1-s1" name="Test2" source="C:\CongPhi\test\test-robot\test2.robot">
<test id="s1-s1-t1" name="This is a sample testcase" line="8">
<kw name="Open Browser" library="Selenium2Library">
<arg>http://google.com</arg>
<arg>chrome</arg>
<doc>Opens a new browser instance to the optional ``url``.</doc>
<msg timestamp="20231110 14:59:03.829" level="INFO">Opening browser 'chrome' to base url 'http://google.com'.</msg>
<status status="PASS" starttime="20231110 14:59:03.828" endtime="20231110 14:59:08.003"/>
</kw>
<kw name="Close Browser" library="Selenium2Library">
<doc>Closes the current browser.</doc>
<status status="PASS" starttime="20231110 14:59:08.005" endtime="20231110 14:59:10.170"/>
</kw>
<doc>Googletest</doc>
<tag>regression</tag>
<status status="PASS" starttime="20231110 14:59:03.826" endtime="20231110 14:59:10.171"/>
</test>
<status status="PASS" starttime="20231110 14:59:03.574" endtime="20231110 14:59:10.173"/>
</suite>
<status status="PASS" starttime="20231110 14:59:03.545" endtime="20231110 14:59:10.175"/>
</suite>
<statistics>
<total>
<stat pass="1" fail="0" skip="0">All Tests</stat>
</total>
<tag>
<stat pass="1" fail="0" skip="0">regression</stat>
</tag>
<suite>
<stat pass="1" fail="0" skip="0" id="s1" name="Test-Robot">Test-Robot</stat>
<stat pass="1" fail="0" skip="0" id="s1-s1" name="Test2">Test-Robot.Test2</stat>
</suite>
</statistics>
<errors>
<msg timestamp="20231110 14:59:03.822" level="ERROR">Error in file 'C:\CongPhi\test\test-robot\test2.robot' on line 3: Invalid resource file extension ''. Supported extensions are '.json', '.resource', '.rest', '.robot', '.rsrc', '.rst', '.tsv' and '.txt'.</msg>
</errors>
</robot>
