<?xml version="1.0" encoding="UTF-8"?>
<robot generator="Robot 6.1.1 (Python 3.11.5 on win32)" generated="20231207 15:05:50.203" rpa="false" schemaversion="4">
<suite id="s1" name="Test-Robot" source="C:\CongPhi\test\test-robot">
<suite id="s1-s1" name="Selenium" source="C:\CongPhi\test\test-robot\selenium">
<suite id="s1-s1-s1" name="Test2" source="C:\CongPhi\test\test-robot\selenium\test2.robot">
<test id="s1-s1-s1-t1" name="Test_login" line="15">
<kw name="Open Browser" library="Selenium2Library">
<arg>${URL}</arg>
<arg>${BROWSER}</arg>
<doc>Opens a new browser instance to the optional ``url``.</doc>
<msg timestamp="20231207 15:05:50.477" level="INFO">Opening browser 'chrome' to base url 'https://demo.guru99.com/v4/'.</msg>
<status status="PASS" starttime="20231207 15:05:50.476" endtime="20231207 15:05:57.803"/>
</kw>
<kw name="Input Text" library="Selenium2Library">
<arg>name=uid</arg>
<arg>mngr542226</arg>
<doc>Types the given ``text`` into the text field identified by ``locator``.</doc>
<msg timestamp="20231207 15:05:57.805" level="INFO">Typing text 'mngr542226' into text field 'name=uid'.</msg>
<status status="PASS" starttime="20231207 15:05:57.804" endtime="20231207 15:05:57.916"/>
</kw>
<kw name="Input Text" library="Selenium2Library">
<arg>name=password</arg>
<arg>tupyryq</arg>
<doc>Types the given ``text`` into the text field identified by ``locator``.</doc>
<msg timestamp="20231207 15:05:57.918" level="INFO">Typing text 'tupyryq' into text field 'name=password'.</msg>
<status status="PASS" starttime="20231207 15:05:57.917" endtime="20231207 15:05:58.008"/>
</kw>
<kw name="Click Button" library="Selenium2Library">
<arg>name=btnLogin</arg>
<doc>Clicks the button identified by ``locator``.</doc>
<msg timestamp="20231207 15:05:58.013" level="INFO">Clicking button 'name=btnLogin'.</msg>
<status status="PASS" starttime="20231207 15:05:58.012" endtime="20231207 15:06:00.990"/>
</kw>
<kw name="Wait Until Page Contains" library="Selenium2Library">
<arg>${EXPECTED_TITLE}</arg>
<doc>Waits until ``text`` appears on the current page.</doc>
<status status="PASS" starttime="20231207 15:06:00.992" endtime="20231207 15:06:01.004"/>
</kw>
<kw name="Get Title" library="Selenium2Library">
<var>${actual_title}</var>
<doc>Returns the title of the current page.</doc>
<msg timestamp="20231207 15:06:01.012" level="INFO">${actual_title} = Guru99 Bank Manager HomePage</msg>
<status status="PASS" starttime="20231207 15:06:01.005" endtime="20231207 15:06:01.013"/>
</kw>
<kw name="Should Be Equal As Strings" library="BuiltIn">
<arg>${actual_title}</arg>
<arg>${EXPECTED_TITLE}</arg>
<doc>Fails if objects are unequal after converting them to strings.</doc>
<status status="PASS" starttime="20231207 15:06:01.013" endtime="20231207 15:06:01.014"/>
</kw>
<kw name="Close Browser" library="Selenium2Library">
<doc>Closes the current browser.</doc>
<status status="PASS" starttime="20231207 15:06:01.015" endtime="20231207 15:06:03.187"/>
</kw>
<status status="PASS" starttime="20231207 15:05:50.474" endtime="20231207 15:06:03.188"/>
</test>
<status status="PASS" starttime="20231207 15:05:50.238" endtime="20231207 15:06:03.191"/>
</suite>
<status status="PASS" starttime="20231207 15:05:50.234" endtime="20231207 15:06:03.193"/>
</suite>
<status status="PASS" starttime="20231207 15:05:50.207" endtime="20231207 15:06:03.196"/>
</suite>
<statistics>
<total>
<stat pass="1" fail="0" skip="0">All Tests</stat>
</total>
<tag>
</tag>
<suite>
<stat pass="1" fail="0" skip="0" id="s1" name="Test-Robot">Test-Robot</stat>
<stat pass="1" fail="0" skip="0" id="s1-s1" name="Selenium">Test-Robot.Selenium</stat>
<stat pass="1" fail="0" skip="0" id="s1-s1-s1" name="Test2">Test-Robot.Selenium.Test2</stat>
</suite>
</statistics>
<errors>
</errors>
</robot>
