<?xml version="1.0" encoding="UTF-8"?>
<robot generator="Robot 6.1.1 (Python 3.11.5 on win32)" generated="20231125 15:41:21.612" rpa="false" schemaversion="4">
<suite id="s1" name="Test-Robot" source="C:\CongPhi\test\test-robot">
<suite id="s1-s1" name="Python" source="C:\CongPhi\test\test-robot\python">
<suite id="s1-s1-s1" name="Test Find Max" source="C:\CongPhi\test\test-robot\python\test_find_max.robot">
<test id="s1-s1-s1-t1" name="Test open terminal" line="7">
<kw name="Find Max" library="find_max">
<var>${result}</var>
<arg>arr</arg>
<msg timestamp="20231125 15:41:21.663" level="INFO">arr</msg>
<msg timestamp="20231125 15:41:21.664" level="INFO">${result} = arr</msg>
<status status="PASS" starttime="20231125 15:41:21.663" endtime="20231125 15:41:21.664"/>
</kw>
<kw name="Should Be Equal" library="BuiltIn">
<arg>${result}</arg>
<arg>'1 3 4 5 6 7'</arg>
<doc>Fails if the given objects are unequal.</doc>
<msg timestamp="20231125 15:41:21.666" level="FAIL">arr != '1 3 4 5 6 7'</msg>
<status status="FAIL" starttime="20231125 15:41:21.665" endtime="20231125 15:41:21.667"/>
</kw>
<status status="FAIL" starttime="20231125 15:41:21.662" endtime="20231125 15:41:21.668">arr != '1 3 4 5 6 7'</status>
</test>
<status status="FAIL" starttime="20231125 15:41:21.656" endtime="20231125 15:41:21.670"/>
</suite>
<status status="FAIL" starttime="20231125 15:41:21.650" endtime="20231125 15:41:21.673"/>
</suite>
<status status="FAIL" starttime="20231125 15:41:21.618" endtime="20231125 15:41:21.676"/>
</suite>
<statistics>
<total>
<stat pass="0" fail="1" skip="0">All Tests</stat>
</total>
<tag>
</tag>
<suite>
<stat pass="0" fail="1" skip="0" id="s1" name="Test-Robot">Test-Robot</stat>
<stat pass="0" fail="1" skip="0" id="s1-s1" name="Python">Test-Robot.Python</stat>
<stat pass="0" fail="1" skip="0" id="s1-s1-s1" name="Test Find Max">Test-Robot.Python.Test Find Max</stat>
</suite>
</statistics>
<errors>
</errors>
</robot>
